<?xml version="1.0" encoding="UTF-8"?>
<!-- Generated by org.testng.reporters.JUnitReportReporter -->
<testsuite hostname="DESKTOP-FTIU28S" failures="0" tests="1" name="Pack1.test" time="0.008" errors="0" timestamp="2023-03-16T01:54:21 IST" skipped="0">
  <testcase classname="Pack1.test" name="test123" time="0.008"/>
  <system-out/>
</testsuite> <!-- Pack1.test -->
